<?xml version="1.0" encoding="UTF-8"?>
<coverage generated="1706300717862" clover="3.2.0">
  <project timestamp="1706300717862" name="All files">
    <metrics statements="80" coveredstatements="43" conditionals="40" coveredconditionals="21" methods="39" coveredmethods="15" elements="159" coveredelements="79" complexity="0" loc="80" ncloc="80" packages="4" files="7" classes="7"/>
    <package name="booking-form">
      <metrics statements="12" coveredstatements="10" conditionals="0" coveredconditionals="0" methods="6" coveredmethods="4"/>
      <file name="BookingForm.tsx" path="/Users/vivianoliveira/Desktop/GitHub/desafio3-compassuol/src/components/booking-form/BookingForm.tsx">
        <metrics statements="10" coveredstatements="8" conditionals="0" coveredconditionals="0" methods="5" coveredmethods="3"/>
        <line num="7" count="1" type="stmt"/>
        <line num="8" count="4" type="stmt"/>
        <line num="9" count="4" type="stmt"/>
        <line num="11" count="4" type="stmt"/>
        <line num="12" count="0" type="stmt"/>
        <line num="15" count="4" type="stmt"/>
        <line num="16" count="0" type="stmt"/>
        <line num="20" count="4" type="stmt"/>
        <line num="63" count="1" type="stmt"/>
        <line num="92" count="1" type="stmt"/>
      </file>
      <file name="YellowButton.tsx" path="/Users/vivianoliveira/Desktop/GitHub/desafio3-compassuol/src/components/booking-form/YellowButton.tsx">
        <metrics statements="2" coveredstatements="2" conditionals="0" coveredconditionals="0" methods="1" coveredmethods="1"/>
        <line num="9" count="1" type="stmt"/>
        <line num="10" count="4" type="stmt"/>
      </file>
    </package>
    <package name="footer">
      <metrics statements="2" coveredstatements="2" conditionals="0" coveredconditionals="0" methods="1" coveredmethods="1"/>
      <file name="Footer.tsx" path="/Users/vivianoliveira/Desktop/GitHub/desafio3-compassuol/src/components/footer/Footer.tsx">
        <metrics statements="2" coveredstatements="2" conditionals="0" coveredconditionals="0" methods="1" coveredmethods="1"/>
        <line num="4" count="1" type="stmt"/>
        <line num="5" count="1" type="stmt"/>
      </file>
    </package>
    <package name="form">
      <metrics statements="61" coveredstatements="26" conditionals="32" coveredconditionals="15" methods="30" coveredmethods="8"/>
      <file name="Forms.tsx" path="/Users/vivianoliveira/Desktop/GitHub/desafio3-compassuol/src/components/form/Forms.tsx">
        <metrics statements="51" coveredstatements="21" conditionals="30" coveredconditionals="15" methods="25" coveredmethods="6"/>
        <line num="10" count="1" type="stmt"/>
        <line num="14" count="0" type="stmt"/>
        <line num="15" count="0" type="cond" truecount="0" falsecount="2"/>
        <line num="33" count="0" type="stmt"/>
        <line num="45" count="5" type="stmt"/>
        <line num="46" count="4" type="stmt"/>
        <line num="48" count="4" type="stmt"/>
        <line num="49" count="4" type="stmt"/>
        <line num="51" count="4" type="stmt"/>
        <line num="55" count="4" type="stmt"/>
        <line num="57" count="608" type="stmt"/>
        <line num="58" count="4" type="stmt"/>
        <line num="59" count="0" type="stmt"/>
        <line num="62" count="4" type="stmt"/>
        <line num="63" count="0" type="stmt"/>
        <line num="66" count="4" type="stmt"/>
        <line num="67" count="0" type="stmt"/>
        <line num="70" count="4" type="stmt"/>
        <line num="71" count="0" type="stmt"/>
        <line num="75" count="0" type="stmt"/>
        <line num="77" count="0" type="stmt"/>
        <line num="78" count="0" type="stmt"/>
        <line num="80" count="0" type="stmt"/>
        <line num="84" count="0" type="stmt"/>
        <line num="87" count="4" type="stmt"/>
        <line num="88" count="3" type="stmt"/>
        <line num="91" count="4" type="stmt"/>
        <line num="92" count="2" type="cond" truecount="1" falsecount="1"/>
        <line num="93" count="0" type="stmt"/>
        <line num="101" count="4" type="stmt"/>
        <line num="102" count="0" type="stmt"/>
        <line num="103" count="0" type="stmt"/>
        <line num="111" count="0" type="cond" truecount="0" falsecount="2"/>
        <line num="112" count="0" type="stmt"/>
        <line num="114" count="0" type="stmt"/>
        <line num="117" count="0" type="stmt"/>
        <line num="118" count="0" type="stmt"/>
        <line num="122" count="4" type="stmt"/>
        <line num="123" count="0" type="stmt"/>
        <line num="127" count="4" type="stmt"/>
        <line num="131" count="0" type="stmt"/>
        <line num="139" count="0" type="stmt"/>
        <line num="140" count="0" type="stmt"/>
        <line num="141" count="0" type="stmt"/>
        <line num="142" count="0" type="stmt"/>
        <line num="215" count="4" type="stmt"/>
        <line num="230" count="4" type="cond" truecount="1" falsecount="1"/>
        <line num="293" count="0" type="stmt"/>
        <line num="300" count="0" type="stmt"/>
        <line num="307" count="0" type="stmt"/>
        <line num="314" count="0" type="stmt"/>
      </file>
      <file name="Select.tsx" path="/Users/vivianoliveira/Desktop/GitHub/desafio3-compassuol/src/components/form/Select.tsx">
        <metrics statements="8" coveredstatements="4" conditionals="2" coveredconditionals="0" methods="4" coveredmethods="2"/>
        <line num="12" count="1" type="stmt"/>
        <line num="13" count="8" type="stmt"/>
        <line num="14" count="8" type="stmt"/>
        <line num="23" count="0" type="cond" truecount="0" falsecount="2"/>
        <line num="24" count="0" type="stmt"/>
        <line num="26" count="0" type="stmt"/>
        <line num="29" count="0" type="stmt"/>
        <line num="30" count="12" type="stmt"/>
      </file>
      <file name="SucessScreen.tsx" path="/Users/vivianoliveira/Desktop/GitHub/desafio3-compassuol/src/components/form/SucessScreen.tsx">
        <metrics statements="2" coveredstatements="1" conditionals="0" coveredconditionals="0" methods="1" coveredmethods="0"/>
        <line num="8" count="1" type="stmt"/>
        <line num="9" count="0" type="stmt"/>
      </file>
    </package>
    <package name="navbar">
      <metrics statements="5" coveredstatements="5" conditionals="8" coveredconditionals="6" methods="2" coveredmethods="2"/>
      <file name="Navbar.tsx" path="/Users/vivianoliveira/Desktop/GitHub/desafio3-compassuol/src/components/navbar/Navbar.tsx">
        <metrics statements="5" coveredstatements="5" conditionals="8" coveredconditionals="6" methods="2" coveredmethods="2"/>
        <line num="4" count="1" type="stmt"/>
        <line num="5" count="4" type="stmt"/>
        <line num="7" count="4" type="stmt"/>
        <line num="8" count="1" type="stmt"/>
        <line num="11" count="4" type="stmt"/>
      </file>
    </package>
  </project>
</coverage>
