<?xml version="1.0" encoding="UTF-8"?>
<coverage generated="1706253214749" clover="3.2.0">
  <project timestamp="1706253214750" name="All files">
    <metrics statements="67" coveredstatements="35" conditionals="40" coveredconditionals="21" methods="32" coveredmethods="13" elements="139" coveredelements="69" complexity="0" loc="67" ncloc="67" packages="4" files="6" classes="6"/>
    <package name="booking-form">
      <metrics statements="4" coveredstatements="4" conditionals="0" coveredconditionals="0" methods="2" coveredmethods="2"/>
      <file name="BookingForm.tsx" path="/Users/vivianoliveira/Desktop/GitHub/desafio3-compassuol/src/components/booking-form/BookingForm.tsx">
        <metrics statements="2" coveredstatements="2" conditionals="0" coveredconditionals="0" methods="1" coveredmethods="1"/>
        <line num="5" count="1" type="stmt"/>
        <line num="6" count="2" type="stmt"/>
      </file>
      <file name="YellowButton.tsx" path="/Users/vivianoliveira/Desktop/GitHub/desafio3-compassuol/src/components/booking-form/YellowButton.tsx">
        <metrics statements="2" coveredstatements="2" conditionals="0" coveredconditionals="0" methods="1" coveredmethods="1"/>
        <line num="8" count="1" type="stmt"/>
        <line num="9" count="2" type="stmt"/>
      </file>
    </package>
    <package name="footer">
      <metrics statements="2" coveredstatements="2" conditionals="0" coveredconditionals="0" methods="1" coveredmethods="1"/>
      <file name="Footer.tsx" path="/Users/vivianoliveira/Desktop/GitHub/desafio3-compassuol/src/components/footer/Footer.tsx">
        <metrics statements="2" coveredstatements="2" conditionals="0" coveredconditionals="0" methods="1" coveredmethods="1"/>
        <line num="4" count="1" type="stmt"/>
        <line num="5" count="1" type="stmt"/>
      </file>
    </package>
    <package name="form">
      <metrics statements="56" coveredstatements="24" conditionals="32" coveredconditionals="15" methods="27" coveredmethods="8"/>
      <file name="Forms.tsx" path="/Users/vivianoliveira/Desktop/GitHub/desafio3-compassuol/src/components/form/Forms.tsx">
        <metrics statements="48" coveredstatements="20" conditionals="30" coveredconditionals="15" methods="23" coveredmethods="6"/>
        <line num="9" count="1" type="stmt"/>
        <line num="13" count="0" type="stmt"/>
        <line num="14" count="0" type="cond" truecount="0" falsecount="2"/>
        <line num="32" count="0" type="stmt"/>
        <line num="42" count="5" type="stmt"/>
        <line num="44" count="4" type="stmt"/>
        <line num="45" count="4" type="stmt"/>
        <line num="46" count="4" type="stmt"/>
        <line num="48" count="4" type="stmt"/>
        <line num="52" count="4" type="stmt"/>
        <line num="54" count="608" type="stmt"/>
        <line num="55" count="4" type="stmt"/>
        <line num="56" count="0" type="stmt"/>
        <line num="59" count="4" type="stmt"/>
        <line num="60" count="0" type="stmt"/>
        <line num="63" count="4" type="stmt"/>
        <line num="64" count="0" type="stmt"/>
        <line num="67" count="4" type="stmt"/>
        <line num="68" count="0" type="stmt"/>
        <line num="72" count="0" type="stmt"/>
        <line num="74" count="0" type="stmt"/>
        <line num="75" count="0" type="stmt"/>
        <line num="77" count="0" type="stmt"/>
        <line num="81" count="0" type="stmt"/>
        <line num="84" count="4" type="stmt"/>
        <line num="85" count="3" type="stmt"/>
        <line num="88" count="4" type="stmt"/>
        <line num="89" count="2" type="cond" truecount="1" falsecount="1"/>
        <line num="90" count="0" type="stmt"/>
        <line num="99" count="0" type="stmt"/>
        <line num="100" count="0" type="stmt"/>
        <line num="107" count="0" type="cond" truecount="0" falsecount="2"/>
        <line num="108" count="0" type="stmt"/>
        <line num="109" count="0" type="stmt"/>
        <line num="111" count="0" type="stmt"/>
        <line num="114" count="0" type="stmt"/>
        <line num="115" count="0" type="stmt"/>
        <line num="118" count="4" type="cond" truecount="1" falsecount="1"/>
        <line num="119" count="0" type="stmt"/>
        <line num="147" count="0" type="stmt"/>
        <line num="148" count="0" type="stmt"/>
        <line num="160" count="4" type="stmt"/>
        <line num="235" count="4" type="stmt"/>
        <line num="250" count="4" type="cond" truecount="1" falsecount="1"/>
        <line num="313" count="0" type="stmt"/>
        <line num="320" count="0" type="stmt"/>
        <line num="327" count="0" type="stmt"/>
        <line num="334" count="0" type="stmt"/>
      </file>
      <file name="Select.tsx" path="/Users/vivianoliveira/Desktop/GitHub/desafio3-compassuol/src/components/form/Select.tsx">
        <metrics statements="8" coveredstatements="4" conditionals="2" coveredconditionals="0" methods="4" coveredmethods="2"/>
        <line num="12" count="1" type="stmt"/>
        <line num="13" count="8" type="stmt"/>
        <line num="14" count="8" type="stmt"/>
        <line num="23" count="0" type="cond" truecount="0" falsecount="2"/>
        <line num="24" count="0" type="stmt"/>
        <line num="26" count="0" type="stmt"/>
        <line num="29" count="0" type="stmt"/>
        <line num="30" count="12" type="stmt"/>
      </file>
    </package>
    <package name="navbar">
      <metrics statements="5" coveredstatements="5" conditionals="8" coveredconditionals="6" methods="2" coveredmethods="2"/>
      <file name="Navbar.tsx" path="/Users/vivianoliveira/Desktop/GitHub/desafio3-compassuol/src/components/navbar/Navbar.tsx">
        <metrics statements="5" coveredstatements="5" conditionals="8" coveredconditionals="6" methods="2" coveredmethods="2"/>
        <line num="4" count="1" type="stmt"/>
        <line num="5" count="4" type="stmt"/>
        <line num="7" count="4" type="stmt"/>
        <line num="8" count="1" type="stmt"/>
        <line num="11" count="4" type="stmt"/>
      </file>
    </package>
  </project>
</coverage>
