{"/Users/vivianoliveira/Desktop/GitHub/desafio3-compassuol/src/components/booking-form/BookingForm.tsx": {"path":"/Users/vivianoliveira/Desktop/GitHub/desafio3-compassuol/src/components/booking-form/BookingForm.tsx","statementMap":{"0":{"start":{"line":7,"column":30},"end":{"line":119,"column":1}},"1":{"start":{"line":8,"column":32},"end":{"line":8,"column":44}},"2":{"start":{"line":9,"column":42},"end":{"line":9,"column":54}},"3":{"start":{"line":11,"column":24},"end":{"line":13,"column":5}},"4":{"start":{"line":12,"column":6},"end":{"line":12,"column":20}},"5":{"start":{"line":15,"column":29},"end":{"line":17,"column":5}},"6":{"start":{"line":16,"column":6},"end":{"line":16,"column":25}},"7":{"start":{"line":20,"column":2},"end":{"line":118,"column":3}},"8":{"start":{"line":63,"column":45},"end":{"line":63,"column":70}},"9":{"start":{"line":91,"column":45},"end":{"line":91,"column":75}}},"fnMap":{"0":{"name":"(anonymous_0)","decl":{"start":{"line":7,"column":30},"end":{"line":7,"column":31}},"loc":{"start":{"line":7,"column":36},"end":{"line":119,"column":1}},"line":7},"1":{"name":"(anonymous_1)","decl":{"start":{"line":11,"column":24},"end":{"line":11,"column":25}},"loc":{"start":{"line":11,"column":30},"end":{"line":13,"column":5}},"line":11},"2":{"name":"(anonymous_2)","decl":{"start":{"line":15,"column":29},"end":{"line":15,"column":30}},"loc":{"start":{"line":15,"column":35},"end":{"line":17,"column":5}},"line":15},"3":{"name":"(anonymous_3)","decl":{"start":{"line":63,"column":38},"end":{"line":63,"column":39}},"loc":{"start":{"line":63,"column":45},"end":{"line":63,"column":70}},"line":63},"4":{"name":"(anonymous_4)","decl":{"start":{"line":91,"column":38},"end":{"line":91,"column":39}},"loc":{"start":{"line":91,"column":45},"end":{"line":91,"column":75}},"line":91}},"branchMap":{},"s":{"0":1,"1":4,"2":4,"3":4,"4":0,"5":4,"6":0,"7":4,"8":1,"9":1},"f":{"0":4,"1":0,"2":0,"3":1,"4":1},"b":{},"_coverageSchema":"1a1c01bbd47fc00a2c39e90264f33305004495a9","hash":"744d20386f88c96bf3ef6f9b970573d5a1311eb5"}
,"/Users/vivianoliveira/Desktop/GitHub/desafio3-compassuol/src/components/booking-form/YellowButton.tsx": {"path":"/Users/vivianoliveira/Desktop/GitHub/desafio3-compassuol/src/components/booking-form/YellowButton.tsx","statementMap":{"0":{"start":{"line":9,"column":51},"end":{"line":20,"column":1}},"1":{"start":{"line":10,"column":2},"end":{"line":19,"column":3}}},"fnMap":{"0":{"name":"(anonymous_0)","decl":{"start":{"line":9,"column":51},"end":{"line":9,"column":52}},"loc":{"start":{"line":9,"column":67},"end":{"line":20,"column":1}},"line":9}},"branchMap":{},"s":{"0":1,"1":4},"f":{"0":4},"b":{},"_coverageSchema":"1a1c01bbd47fc00a2c39e90264f33305004495a9","hash":"0663533e0bbac8c70ffbee297b7ebb85352dfecd"}
,"/Users/vivianoliveira/Desktop/GitHub/desafio3-compassuol/src/components/footer/Footer.tsx": {"path":"/Users/vivianoliveira/Desktop/GitHub/desafio3-compassuol/src/components/footer/Footer.tsx","statementMap":{"0":{"start":{"line":4,"column":25},"end":{"line":67,"column":1}},"1":{"start":{"line":5,"column":2},"end":{"line":66,"column":4}}},"fnMap":{"0":{"name":"(anonymous_0)","decl":{"start":{"line":4,"column":25},"end":{"line":4,"column":26}},"loc":{"start":{"line":4,"column":31},"end":{"line":67,"column":1}},"line":4}},"branchMap":{},"s":{"0":1,"1":1},"f":{"0":1},"b":{},"_coverageSchema":"1a1c01bbd47fc00a2c39e90264f33305004495a9","hash":"46693c8227dd63670062ef43f85a7c212fc18d20"}
,"/Users/vivianoliveira/Desktop/GitHub/desafio3-compassuol/src/components/form/Forms.tsx": {"path":"/Users/vivianoliveira/Desktop/GitHub/desafio3-compassuol/src/components/form/Forms.tsx","statementMap":{"0":{"start":{"line":9,"column":29},"end":{"line":36,"column":2}},"1":{"start":{"line":13,"column":22},"end":{"line":13,"column":37}},"2":{"start":{"line":14,"column":8},"end":{"line":14,"column":73}},"3":{"start":{"line":14,"column":56},"end":{"line":14,"column":71}},"4":{"start":{"line":32,"column":47},"end":{"line":32,"column":82}},"5":{"start":{"line":44,"column":46},"end":{"line":44,"column":60}},"6":{"start":{"line":45,"column":40},"end":{"line":45,"column":52}},"7":{"start":{"line":47,"column":84},"end":{"line":49,"column":6}},"8":{"start":{"line":51,"column":46},"end":{"line":51,"column":90}},"9":{"start":{"line":53,"column":22},"end":{"line":53,"column":104}},"10":{"start":{"line":53,"column":72},"end":{"line":53,"column":102}},"11":{"start":{"line":54,"column":31},"end":{"line":56,"column":5}},"12":{"start":{"line":55,"column":8},"end":{"line":55,"column":41}},"13":{"start":{"line":58,"column":31},"end":{"line":60,"column":7}},"14":{"start":{"line":59,"column":8},"end":{"line":59,"column":31}},"15":{"start":{"line":62,"column":34},"end":{"line":64,"column":7}},"16":{"start":{"line":63,"column":8},"end":{"line":63,"column":26}},"17":{"start":{"line":66,"column":29},"end":{"line":81,"column":5}},"18":{"start":{"line":67,"column":31},"end":{"line":70,"column":12}},"19":{"start":{"line":67,"column":93},"end":{"line":70,"column":10}},"20":{"start":{"line":71,"column":29},"end":{"line":71,"column":93}},"21":{"start":{"line":71,"column":65},"end":{"line":71,"column":92}},"22":{"start":{"line":73,"column":36},"end":{"line":75,"column":10}},"23":{"start":{"line":74,"column":22},"end":{"line":74,"column":47}},"24":{"start":{"line":76,"column":30},"end":{"line":79,"column":12}},"25":{"start":{"line":76,"column":79},"end":{"line":79,"column":10}},"26":{"start":{"line":80,"column":9},"end":{"line":80,"column":40}},"27":{"start":{"line":83,"column":4},"end":{"line":85,"column":16}},"28":{"start":{"line":84,"column":8},"end":{"line":84,"column":27}},"29":{"start":{"line":87,"column":4},"end":{"line":90,"column":26}},"30":{"start":{"line":88,"column":8},"end":{"line":88,"column":36}},"31":{"start":{"line":88,"column":30},"end":{"line":88,"column":36}},"32":{"start":{"line":89,"column":8},"end":{"line":89,"column":26}},"33":{"start":{"line":97,"column":23},"end":{"line":116,"column":5}},"34":{"start":{"line":98,"column":8},"end":{"line":115,"column":9}},"35":{"start":{"line":99,"column":27},"end":{"line":105,"column":12}},"36":{"start":{"line":107,"column":10},"end":{"line":111,"column":11}},"37":{"start":{"line":108,"column":12},"end":{"line":108,"column":84}},"38":{"start":{"line":110,"column":12},"end":{"line":110,"column":59}},"39":{"start":{"line":113,"column":10},"end":{"line":113,"column":61}},"40":{"start":{"line":114,"column":10},"end":{"line":114,"column":82}},"41":{"start":{"line":120,"column":4},"end":{"line":316,"column":6}},"42":{"start":{"line":124,"column":16},"end":{"line":124,"column":33}},"43":{"start":{"line":124,"column":34},"end":{"line":124,"column":42}},"44":{"start":{"line":197,"column":28},"end":{"line":203,"column":30}},"45":{"start":{"line":212,"column":32},"end":{"line":222,"column":34}},"46":{"start":{"line":275,"column":51},"end":{"line":275,"column":78}},"47":{"start":{"line":282,"column":51},"end":{"line":282,"column":76}},"48":{"start":{"line":289,"column":51},"end":{"line":289,"column":83}},"49":{"start":{"line":296,"column":51},"end":{"line":296,"column":79}}},"fnMap":{"0":{"name":"(anonymous_0)","decl":{"start":{"line":12,"column":12},"end":{"line":12,"column":13}},"loc":{"start":{"line":12,"column":20},"end":{"line":14,"column":74}},"line":12},"1":{"name":"(anonymous_1)","decl":{"start":{"line":14,"column":48},"end":{"line":14,"column":49}},"loc":{"start":{"line":14,"column":56},"end":{"line":14,"column":71}},"line":14},"2":{"name":"(anonymous_2)","decl":{"start":{"line":32,"column":36},"end":{"line":32,"column":37}},"loc":{"start":{"line":32,"column":47},"end":{"line":32,"column":82}},"line":32},"3":{"name":"Forms","decl":{"start":{"line":41,"column":16},"end":{"line":41,"column":21}},"loc":{"start":{"line":41,"column":25},"end":{"line":317,"column":1}},"line":41},"4":{"name":"(anonymous_4)","decl":{"start":{"line":53,"column":58},"end":{"line":53,"column":59}},"loc":{"start":{"line":53,"column":72},"end":{"line":53,"column":102}},"line":53},"5":{"name":"(anonymous_5)","decl":{"start":{"line":54,"column":31},"end":{"line":54,"column":32}},"loc":{"start":{"line":54,"column":37},"end":{"line":56,"column":5}},"line":54},"6":{"name":"(anonymous_6)","decl":{"start":{"line":58,"column":31},"end":{"line":58,"column":32}},"loc":{"start":{"line":58,"column":52},"end":{"line":60,"column":7}},"line":58},"7":{"name":"(anonymous_7)","decl":{"start":{"line":62,"column":34},"end":{"line":62,"column":35}},"loc":{"start":{"line":62,"column":40},"end":{"line":64,"column":7}},"line":62},"8":{"name":"(anonymous_8)","decl":{"start":{"line":66,"column":29},"end":{"line":66,"column":30}},"loc":{"start":{"line":66,"column":35},"end":{"line":81,"column":5}},"line":66},"9":{"name":"(anonymous_9)","decl":{"start":{"line":67,"column":70},"end":{"line":67,"column":71}},"loc":{"start":{"line":67,"column":93},"end":{"line":70,"column":10}},"line":67},"10":{"name":"(anonymous_10)","decl":{"start":{"line":71,"column":48},"end":{"line":71,"column":49}},"loc":{"start":{"line":71,"column":65},"end":{"line":71,"column":92}},"line":71},"11":{"name":"(anonymous_11)","decl":{"start":{"line":74,"column":13},"end":{"line":74,"column":14}},"loc":{"start":{"line":74,"column":22},"end":{"line":74,"column":47}},"line":74},"12":{"name":"(anonymous_12)","decl":{"start":{"line":76,"column":68},"end":{"line":76,"column":69}},"loc":{"start":{"line":76,"column":79},"end":{"line":79,"column":10}},"line":76},"13":{"name":"(anonymous_13)","decl":{"start":{"line":83,"column":14},"end":{"line":83,"column":15}},"loc":{"start":{"line":83,"column":21},"end":{"line":85,"column":5}},"line":83},"14":{"name":"(anonymous_14)","decl":{"start":{"line":87,"column":14},"end":{"line":87,"column":15}},"loc":{"start":{"line":87,"column":20},"end":{"line":90,"column":5}},"line":87},"15":{"name":"(anonymous_15)","decl":{"start":{"line":97,"column":23},"end":{"line":97,"column":24}},"loc":{"start":{"line":97,"column":44},"end":{"line":116,"column":5}},"line":97},"16":{"name":"(anonymous_16)","decl":{"start":{"line":123,"column":41},"end":{"line":123,"column":42}},"loc":{"start":{"line":123,"column":51},"end":{"line":125,"column":13}},"line":123},"17":{"name":"(anonymous_17)","decl":{"start":{"line":196,"column":36},"end":{"line":196,"column":37}},"loc":{"start":{"line":197,"column":28},"end":{"line":203,"column":30}},"line":197},"18":{"name":"(anonymous_18)","decl":{"start":{"line":211,"column":36},"end":{"line":211,"column":37}},"loc":{"start":{"line":212,"column":32},"end":{"line":222,"column":34}},"line":212},"19":{"name":"(anonymous_19)","decl":{"start":{"line":275,"column":45},"end":{"line":275,"column":46}},"loc":{"start":{"line":275,"column":51},"end":{"line":275,"column":78}},"line":275},"20":{"name":"(anonymous_20)","decl":{"start":{"line":282,"column":45},"end":{"line":282,"column":46}},"loc":{"start":{"line":282,"column":51},"end":{"line":282,"column":76}},"line":282},"21":{"name":"(anonymous_21)","decl":{"start":{"line":289,"column":45},"end":{"line":289,"column":46}},"loc":{"start":{"line":289,"column":51},"end":{"line":289,"column":83}},"line":289},"22":{"name":"(anonymous_22)","decl":{"start":{"line":296,"column":45},"end":{"line":296,"column":46}},"loc":{"start":{"line":296,"column":51},"end":{"line":296,"column":79}},"line":296}},"branchMap":{"0":{"loc":{"start":{"line":14,"column":15},"end":{"line":14,"column":72}},"type":"binary-expr","locations":[{"start":{"line":14,"column":15},"end":{"line":14,"column":32}},{"start":{"line":14,"column":36},"end":{"line":14,"column":72}}],"line":14},"1":{"loc":{"start":{"line":88,"column":8},"end":{"line":88,"column":36}},"type":"if","locations":[{"start":{"line":88,"column":8},"end":{"line":88,"column":36}},{"start":{},"end":{}}],"line":88},"2":{"loc":{"start":{"line":107,"column":10},"end":{"line":111,"column":11}},"type":"if","locations":[{"start":{"line":107,"column":10},"end":{"line":111,"column":11}},{"start":{"line":109,"column":17},"end":{"line":111,"column":11}}],"line":107},"3":{"loc":{"start":{"line":167,"column":40},"end":{"line":167,"column":86}},"type":"cond-expr","locations":[{"start":{"line":167,"column":58},"end":{"line":167,"column":81}},{"start":{"line":167,"column":84},"end":{"line":167,"column":86}}],"line":167},"4":{"loc":{"start":{"line":186,"column":40},"end":{"line":186,"column":94}},"type":"cond-expr","locations":[{"start":{"line":186,"column":62},"end":{"line":186,"column":89}},{"start":{"line":186,"column":92},"end":{"line":186,"column":94}}],"line":186},"5":{"loc":{"start":{"line":212,"column":55},"end":{"line":212,"column":83}},"type":"cond-expr","locations":[{"start":{"line":212,"column":78},"end":{"line":212,"column":79}},{"start":{"line":212,"column":82},"end":{"line":212,"column":83}}],"line":212},"6":{"loc":{"start":{"line":213,"column":47},"end":{"line":213,"column":85}},"type":"cond-expr","locations":[{"start":{"line":213,"column":70},"end":{"line":213,"column":76}},{"start":{"line":213,"column":79},"end":{"line":213,"column":85}}],"line":213},"7":{"loc":{"start":{"line":239,"column":40},"end":{"line":239,"column":94}},"type":"cond-expr","locations":[{"start":{"line":239,"column":62},"end":{"line":239,"column":89}},{"start":{"line":239,"column":92},"end":{"line":239,"column":94}}],"line":239},"8":{"loc":{"start":{"line":260,"column":21},"end":{"line":306,"column":21}},"type":"binary-expr","locations":[{"start":{"line":260,"column":21},"end":{"line":260,"column":34}},{"start":{"line":261,"column":20},"end":{"line":305,"column":26}}],"line":260},"9":{"loc":{"start":{"line":272,"column":29},"end":{"line":303,"column":29}},"type":"binary-expr","locations":[{"start":{"line":272,"column":29},"end":{"line":272,"column":42}},{"start":{"line":273,"column":28},"end":{"line":302,"column":31}}],"line":272},"10":{"loc":{"start":{"line":278,"column":37},"end":{"line":278,"column":115}},"type":"cond-expr","locations":[{"start":{"line":278,"column":62},"end":{"line":278,"column":91}},{"start":{"line":278,"column":94},"end":{"line":278,"column":115}}],"line":278},"11":{"loc":{"start":{"line":285,"column":37},"end":{"line":285,"column":111}},"type":"cond-expr","locations":[{"start":{"line":285,"column":60},"end":{"line":285,"column":89}},{"start":{"line":285,"column":92},"end":{"line":285,"column":111}}],"line":285},"12":{"loc":{"start":{"line":292,"column":37},"end":{"line":292,"column":125}},"type":"cond-expr","locations":[{"start":{"line":292,"column":67},"end":{"line":292,"column":96}},{"start":{"line":292,"column":99},"end":{"line":292,"column":125}}],"line":292},"13":{"loc":{"start":{"line":299,"column":37},"end":{"line":299,"column":117}},"type":"cond-expr","locations":[{"start":{"line":299,"column":63},"end":{"line":299,"column":92}},{"start":{"line":299,"column":95},"end":{"line":299,"column":117}}],"line":299}},"s":{"0":1,"1":0,"2":0,"3":0,"4":0,"5":5,"6":4,"7":4,"8":4,"9":4,"10":608,"11":4,"12":0,"13":4,"14":0,"15":4,"16":0,"17":4,"18":0,"19":0,"20":0,"21":0,"22":0,"23":0,"24":0,"25":0,"26":0,"27":4,"28":3,"29":4,"30":2,"31":2,"32":0,"33":4,"34":0,"35":0,"36":0,"37":0,"38":0,"39":0,"40":0,"41":4,"42":0,"43":0,"44":4,"45":4,"46":0,"47":0,"48":0,"49":0},"f":{"0":0,"1":0,"2":0,"3":5,"4":608,"5":0,"6":0,"7":0,"8":0,"9":0,"10":0,"11":0,"12":0,"13":3,"14":2,"15":0,"16":0,"17":4,"18":4,"19":0,"20":0,"21":0,"22":0},"b":{"0":[0,0],"1":[2,0],"2":[0,0],"3":[0,4],"4":[0,4],"5":[0,4],"6":[0,4],"7":[0,4],"8":[4,4],"9":[4,4],"10":[0,4],"11":[0,4],"12":[0,4],"13":[0,4]},"_coverageSchema":"1a1c01bbd47fc00a2c39e90264f33305004495a9","hash":"9e908ddf15bfe21ac12b8d85bb59c5fdc9d5ef26"}
,"/Users/vivianoliveira/Desktop/GitHub/desafio3-compassuol/src/components/form/Select.tsx": {"path":"/Users/vivianoliveira/Desktop/GitHub/desafio3-compassuol/src/components/form/Select.tsx","statementMap":{"0":{"start":{"line":12,"column":15},"end":{"line":35,"column":1}},"1":{"start":{"line":13,"column":4},"end":{"line":13,"column":22}},"2":{"start":{"line":14,"column":4},"end":{"line":34,"column":6}},"3":{"start":{"line":23,"column":12},"end":{"line":27,"column":13}},"4":{"start":{"line":24,"column":14},"end":{"line":24,"column":36}},"5":{"start":{"line":26,"column":14},"end":{"line":26,"column":27}},"6":{"start":{"line":29,"column":38},"end":{"line":29,"column":50}},"7":{"start":{"line":30,"column":35},"end":{"line":30,"column":116}}},"fnMap":{"0":{"name":"(anonymous_0)","decl":{"start":{"line":12,"column":15},"end":{"line":12,"column":16}},"loc":{"start":{"line":12,"column":80},"end":{"line":35,"column":1}},"line":12},"1":{"name":"(anonymous_1)","decl":{"start":{"line":22,"column":20},"end":{"line":22,"column":21}},"loc":{"start":{"line":22,"column":34},"end":{"line":28,"column":11}},"line":22},"2":{"name":"(anonymous_2)","decl":{"start":{"line":29,"column":26},"end":{"line":29,"column":27}},"loc":{"start":{"line":29,"column":38},"end":{"line":29,"column":50}},"line":29},"3":{"name":"(anonymous_3)","decl":{"start":{"line":30,"column":23},"end":{"line":30,"column":24}},"loc":{"start":{"line":30,"column":35},"end":{"line":30,"column":116}},"line":30}},"branchMap":{"0":{"loc":{"start":{"line":23,"column":12},"end":{"line":27,"column":13}},"type":"if","locations":[{"start":{"line":23,"column":12},"end":{"line":27,"column":13}},{"start":{"line":25,"column":19},"end":{"line":27,"column":13}}],"line":23}},"s":{"0":1,"1":8,"2":8,"3":0,"4":0,"5":0,"6":0,"7":12},"f":{"0":8,"1":0,"2":0,"3":12},"b":{"0":[0,0]},"_coverageSchema":"1a1c01bbd47fc00a2c39e90264f33305004495a9","hash":"9edd2fb25da88200abd4ecffc5dbf2b2268b6f89"}
,"/Users/vivianoliveira/Desktop/GitHub/desafio3-compassuol/src/components/navbar/Navbar.tsx": {"path":"/Users/vivianoliveira/Desktop/GitHub/desafio3-compassuol/src/components/navbar/Navbar.tsx","statementMap":{"0":{"start":{"line":4,"column":25},"end":{"line":50,"column":1}},"1":{"start":{"line":5,"column":32},"end":{"line":5,"column":43}},"2":{"start":{"line":7,"column":25},"end":{"line":9,"column":5}},"3":{"start":{"line":8,"column":8},"end":{"line":8,"column":27}},"4":{"start":{"line":11,"column":2},"end":{"line":49,"column":4}}},"fnMap":{"0":{"name":"(anonymous_0)","decl":{"start":{"line":4,"column":25},"end":{"line":4,"column":26}},"loc":{"start":{"line":4,"column":31},"end":{"line":50,"column":1}},"line":4},"1":{"name":"(anonymous_1)","decl":{"start":{"line":7,"column":25},"end":{"line":7,"column":26}},"loc":{"start":{"line":7,"column":73},"end":{"line":9,"column":5}},"line":7}},"branchMap":{"0":{"loc":{"start":{"line":24,"column":27},"end":{"line":24,"column":59}},"type":"cond-expr","locations":[{"start":{"line":24,"column":41},"end":{"line":24,"column":50}},{"start":{"line":24,"column":53},"end":{"line":24,"column":59}}],"line":24},"1":{"loc":{"start":{"line":28,"column":27},"end":{"line":28,"column":59}},"type":"cond-expr","locations":[{"start":{"line":28,"column":41},"end":{"line":28,"column":50}},{"start":{"line":28,"column":53},"end":{"line":28,"column":59}}],"line":28},"2":{"loc":{"start":{"line":32,"column":27},"end":{"line":32,"column":59}},"type":"cond-expr","locations":[{"start":{"line":32,"column":41},"end":{"line":32,"column":50}},{"start":{"line":32,"column":53},"end":{"line":32,"column":59}}],"line":32},"3":{"loc":{"start":{"line":36,"column":27},"end":{"line":36,"column":62}},"type":"cond-expr","locations":[{"start":{"line":36,"column":41},"end":{"line":36,"column":50}},{"start":{"line":36,"column":53},"end":{"line":36,"column":62}}],"line":36}},"s":{"0":1,"1":4,"2":4,"3":1,"4":4},"f":{"0":4,"1":1},"b":{"0":[3,1],"1":[1,3],"2":[0,4],"3":[0,4]},"_coverageSchema":"1a1c01bbd47fc00a2c39e90264f33305004495a9","hash":"8c5f0d7c07a419bfc9b6545c4957be3441bdf80b"}
}
