{"/Users/vivianoliveira/Desktop/GitHub/desafio3-compassuol/src/components/booking-form/BookingForm.tsx": {"path":"/Users/vivianoliveira/Desktop/GitHub/desafio3-compassuol/src/components/booking-form/BookingForm.tsx","statementMap":{"0":{"start":{"line":5,"column":30},"end":{"line":75,"column":1}},"1":{"start":{"line":6,"column":2},"end":{"line":74,"column":3}}},"fnMap":{"0":{"name":"(anonymous_0)","decl":{"start":{"line":5,"column":30},"end":{"line":5,"column":31}},"loc":{"start":{"line":5,"column":36},"end":{"line":75,"column":1}},"line":5}},"branchMap":{},"s":{"0":1,"1":2},"f":{"0":2},"b":{},"_coverageSchema":"1a1c01bbd47fc00a2c39e90264f33305004495a9","hash":"c1171f34ed9e1ebb12db2dab5671de6cd64d41e1"}
,"/Users/vivianoliveira/Desktop/GitHub/desafio3-compassuol/src/components/booking-form/YellowButton.tsx": {"path":"/Users/vivianoliveira/Desktop/GitHub/desafio3-compassuol/src/components/booking-form/YellowButton.tsx","statementMap":{"0":{"start":{"line":8,"column":51},"end":{"line":18,"column":1}},"1":{"start":{"line":9,"column":2},"end":{"line":17,"column":3}}},"fnMap":{"0":{"name":"(anonymous_0)","decl":{"start":{"line":8,"column":51},"end":{"line":8,"column":52}},"loc":{"start":{"line":8,"column":67},"end":{"line":18,"column":1}},"line":8}},"branchMap":{},"s":{"0":1,"1":2},"f":{"0":2},"b":{},"_coverageSchema":"1a1c01bbd47fc00a2c39e90264f33305004495a9","hash":"7c4933b784dfb8b45f1bdd41e0d32d20903208c2"}
,"/Users/vivianoliveira/Desktop/GitHub/desafio3-compassuol/src/components/footer/Footer.tsx": {"path":"/Users/vivianoliveira/Desktop/GitHub/desafio3-compassuol/src/components/footer/Footer.tsx","statementMap":{"0":{"start":{"line":4,"column":25},"end":{"line":67,"column":1}},"1":{"start":{"line":5,"column":2},"end":{"line":66,"column":4}}},"fnMap":{"0":{"name":"(anonymous_0)","decl":{"start":{"line":4,"column":25},"end":{"line":4,"column":26}},"loc":{"start":{"line":4,"column":31},"end":{"line":67,"column":1}},"line":4}},"branchMap":{},"s":{"0":1,"1":1},"f":{"0":1},"b":{},"_coverageSchema":"1a1c01bbd47fc00a2c39e90264f33305004495a9","hash":"46693c8227dd63670062ef43f85a7c212fc18d20"}
,"/Users/vivianoliveira/Desktop/GitHub/desafio3-compassuol/src/components/form/Forms.tsx": {"path":"/Users/vivianoliveira/Desktop/GitHub/desafio3-compassuol/src/components/form/Forms.tsx","statementMap":{"0":{"start":{"line":9,"column":29},"end":{"line":36,"column":2}},"1":{"start":{"line":13,"column":22},"end":{"line":13,"column":37}},"2":{"start":{"line":14,"column":8},"end":{"line":14,"column":73}},"3":{"start":{"line":14,"column":56},"end":{"line":14,"column":71}},"4":{"start":{"line":32,"column":47},"end":{"line":32,"column":82}},"5":{"start":{"line":42,"column":32},"end":{"line":42,"column":44}},"6":{"start":{"line":44,"column":46},"end":{"line":44,"column":60}},"7":{"start":{"line":45,"column":40},"end":{"line":45,"column":52}},"8":{"start":{"line":46,"column":46},"end":{"line":46,"column":61}},"9":{"start":{"line":48,"column":84},"end":{"line":50,"column":6}},"10":{"start":{"line":52,"column":46},"end":{"line":52,"column":90}},"11":{"start":{"line":54,"column":22},"end":{"line":54,"column":104}},"12":{"start":{"line":54,"column":72},"end":{"line":54,"column":102}},"13":{"start":{"line":55,"column":31},"end":{"line":57,"column":5}},"14":{"start":{"line":56,"column":8},"end":{"line":56,"column":41}},"15":{"start":{"line":59,"column":31},"end":{"line":61,"column":7}},"16":{"start":{"line":60,"column":8},"end":{"line":60,"column":31}},"17":{"start":{"line":63,"column":34},"end":{"line":65,"column":7}},"18":{"start":{"line":64,"column":8},"end":{"line":64,"column":26}},"19":{"start":{"line":67,"column":29},"end":{"line":82,"column":5}},"20":{"start":{"line":68,"column":31},"end":{"line":71,"column":12}},"21":{"start":{"line":68,"column":93},"end":{"line":71,"column":10}},"22":{"start":{"line":72,"column":29},"end":{"line":72,"column":93}},"23":{"start":{"line":72,"column":65},"end":{"line":72,"column":92}},"24":{"start":{"line":74,"column":36},"end":{"line":76,"column":10}},"25":{"start":{"line":75,"column":22},"end":{"line":75,"column":47}},"26":{"start":{"line":77,"column":30},"end":{"line":80,"column":12}},"27":{"start":{"line":77,"column":79},"end":{"line":80,"column":10}},"28":{"start":{"line":81,"column":9},"end":{"line":81,"column":40}},"29":{"start":{"line":84,"column":4},"end":{"line":86,"column":16}},"30":{"start":{"line":85,"column":8},"end":{"line":85,"column":27}},"31":{"start":{"line":88,"column":4},"end":{"line":91,"column":26}},"32":{"start":{"line":89,"column":8},"end":{"line":89,"column":36}},"33":{"start":{"line":89,"column":30},"end":{"line":89,"column":36}},"34":{"start":{"line":90,"column":8},"end":{"line":90,"column":26}},"35":{"start":{"line":99,"column":8},"end":{"line":116,"column":9}},"36":{"start":{"line":100,"column":27},"end":{"line":106,"column":10}},"37":{"start":{"line":107,"column":8},"end":{"line":112,"column":11}},"38":{"start":{"line":108,"column":12},"end":{"line":108,"column":35}},"39":{"start":{"line":109,"column":12},"end":{"line":109,"column":53}},"40":{"start":{"line":111,"column":12},"end":{"line":111,"column":82}},"41":{"start":{"line":114,"column":10},"end":{"line":114,"column":63}},"42":{"start":{"line":115,"column":10},"end":{"line":115,"column":80}},"43":{"start":{"line":118,"column":6},"end":{"line":157,"column":5}},"44":{"start":{"line":119,"column":8},"end":{"line":156,"column":10}},"45":{"start":{"line":147,"column":16},"end":{"line":147,"column":40}},"46":{"start":{"line":148,"column":16},"end":{"line":148,"column":24}},"47":{"start":{"line":160,"column":4},"end":{"line":353,"column":6}},"48":{"start":{"line":235,"column":28},"end":{"line":241,"column":30}},"49":{"start":{"line":250,"column":32},"end":{"line":260,"column":34}},"50":{"start":{"line":313,"column":51},"end":{"line":313,"column":78}},"51":{"start":{"line":320,"column":51},"end":{"line":320,"column":76}},"52":{"start":{"line":327,"column":51},"end":{"line":327,"column":83}},"53":{"start":{"line":334,"column":51},"end":{"line":334,"column":79}}},"fnMap":{"0":{"name":"(anonymous_0)","decl":{"start":{"line":12,"column":12},"end":{"line":12,"column":13}},"loc":{"start":{"line":12,"column":20},"end":{"line":14,"column":74}},"line":12},"1":{"name":"(anonymous_1)","decl":{"start":{"line":14,"column":48},"end":{"line":14,"column":49}},"loc":{"start":{"line":14,"column":56},"end":{"line":14,"column":71}},"line":14},"2":{"name":"(anonymous_2)","decl":{"start":{"line":32,"column":36},"end":{"line":32,"column":37}},"loc":{"start":{"line":32,"column":47},"end":{"line":32,"column":82}},"line":32},"3":{"name":"Forms","decl":{"start":{"line":41,"column":16},"end":{"line":41,"column":21}},"loc":{"start":{"line":41,"column":25},"end":{"line":354,"column":1}},"line":41},"4":{"name":"(anonymous_4)","decl":{"start":{"line":54,"column":58},"end":{"line":54,"column":59}},"loc":{"start":{"line":54,"column":72},"end":{"line":54,"column":102}},"line":54},"5":{"name":"(anonymous_5)","decl":{"start":{"line":55,"column":31},"end":{"line":55,"column":32}},"loc":{"start":{"line":55,"column":37},"end":{"line":57,"column":5}},"line":55},"6":{"name":"(anonymous_6)","decl":{"start":{"line":59,"column":31},"end":{"line":59,"column":32}},"loc":{"start":{"line":59,"column":52},"end":{"line":61,"column":7}},"line":59},"7":{"name":"(anonymous_7)","decl":{"start":{"line":63,"column":34},"end":{"line":63,"column":35}},"loc":{"start":{"line":63,"column":40},"end":{"line":65,"column":7}},"line":63},"8":{"name":"(anonymous_8)","decl":{"start":{"line":67,"column":29},"end":{"line":67,"column":30}},"loc":{"start":{"line":67,"column":35},"end":{"line":82,"column":5}},"line":67},"9":{"name":"(anonymous_9)","decl":{"start":{"line":68,"column":70},"end":{"line":68,"column":71}},"loc":{"start":{"line":68,"column":93},"end":{"line":71,"column":10}},"line":68},"10":{"name":"(anonymous_10)","decl":{"start":{"line":72,"column":48},"end":{"line":72,"column":49}},"loc":{"start":{"line":72,"column":65},"end":{"line":72,"column":92}},"line":72},"11":{"name":"(anonymous_11)","decl":{"start":{"line":75,"column":13},"end":{"line":75,"column":14}},"loc":{"start":{"line":75,"column":22},"end":{"line":75,"column":47}},"line":75},"12":{"name":"(anonymous_12)","decl":{"start":{"line":77,"column":68},"end":{"line":77,"column":69}},"loc":{"start":{"line":77,"column":79},"end":{"line":80,"column":10}},"line":77},"13":{"name":"(anonymous_13)","decl":{"start":{"line":84,"column":14},"end":{"line":84,"column":15}},"loc":{"start":{"line":84,"column":21},"end":{"line":86,"column":5}},"line":84},"14":{"name":"(anonymous_14)","decl":{"start":{"line":88,"column":14},"end":{"line":88,"column":15}},"loc":{"start":{"line":88,"column":20},"end":{"line":91,"column":5}},"line":88},"15":{"name":"createUser","decl":{"start":{"line":98,"column":19},"end":{"line":98,"column":29}},"loc":{"start":{"line":98,"column":41},"end":{"line":117,"column":7}},"line":98},"16":{"name":"(anonymous_16)","decl":{"start":{"line":146,"column":23},"end":{"line":146,"column":24}},"loc":{"start":{"line":146,"column":29},"end":{"line":149,"column":15}},"line":146},"17":{"name":"(anonymous_17)","decl":{"start":{"line":234,"column":36},"end":{"line":234,"column":37}},"loc":{"start":{"line":235,"column":28},"end":{"line":241,"column":30}},"line":235},"18":{"name":"(anonymous_18)","decl":{"start":{"line":249,"column":36},"end":{"line":249,"column":37}},"loc":{"start":{"line":250,"column":32},"end":{"line":260,"column":34}},"line":250},"19":{"name":"(anonymous_19)","decl":{"start":{"line":313,"column":45},"end":{"line":313,"column":46}},"loc":{"start":{"line":313,"column":51},"end":{"line":313,"column":78}},"line":313},"20":{"name":"(anonymous_20)","decl":{"start":{"line":320,"column":45},"end":{"line":320,"column":46}},"loc":{"start":{"line":320,"column":51},"end":{"line":320,"column":76}},"line":320},"21":{"name":"(anonymous_21)","decl":{"start":{"line":327,"column":45},"end":{"line":327,"column":46}},"loc":{"start":{"line":327,"column":51},"end":{"line":327,"column":83}},"line":327},"22":{"name":"(anonymous_22)","decl":{"start":{"line":334,"column":45},"end":{"line":334,"column":46}},"loc":{"start":{"line":334,"column":51},"end":{"line":334,"column":79}},"line":334}},"branchMap":{"0":{"loc":{"start":{"line":14,"column":15},"end":{"line":14,"column":72}},"type":"binary-expr","locations":[{"start":{"line":14,"column":15},"end":{"line":14,"column":32}},{"start":{"line":14,"column":36},"end":{"line":14,"column":72}}],"line":14},"1":{"loc":{"start":{"line":89,"column":8},"end":{"line":89,"column":36}},"type":"if","locations":[{"start":{"line":89,"column":8},"end":{"line":89,"column":36}},{"start":{},"end":{}}],"line":89},"2":{"loc":{"start":{"line":107,"column":8},"end":{"line":112,"column":11}},"type":"if","locations":[{"start":{"line":107,"column":8},"end":{"line":112,"column":11}},{"start":{"line":110,"column":17},"end":{"line":112,"column":11}}],"line":107},"3":{"loc":{"start":{"line":118,"column":6},"end":{"line":157,"column":5}},"type":"if","locations":[{"start":{"line":118,"column":6},"end":{"line":157,"column":5}},{"start":{},"end":{}}],"line":118},"4":{"loc":{"start":{"line":205,"column":40},"end":{"line":205,"column":86}},"type":"cond-expr","locations":[{"start":{"line":205,"column":58},"end":{"line":205,"column":81}},{"start":{"line":205,"column":84},"end":{"line":205,"column":86}}],"line":205},"5":{"loc":{"start":{"line":224,"column":40},"end":{"line":224,"column":94}},"type":"cond-expr","locations":[{"start":{"line":224,"column":62},"end":{"line":224,"column":89}},{"start":{"line":224,"column":92},"end":{"line":224,"column":94}}],"line":224},"6":{"loc":{"start":{"line":250,"column":55},"end":{"line":250,"column":83}},"type":"cond-expr","locations":[{"start":{"line":250,"column":78},"end":{"line":250,"column":79}},{"start":{"line":250,"column":82},"end":{"line":250,"column":83}}],"line":250},"7":{"loc":{"start":{"line":251,"column":47},"end":{"line":251,"column":85}},"type":"cond-expr","locations":[{"start":{"line":251,"column":70},"end":{"line":251,"column":76}},{"start":{"line":251,"column":79},"end":{"line":251,"column":85}}],"line":251},"8":{"loc":{"start":{"line":277,"column":40},"end":{"line":277,"column":94}},"type":"cond-expr","locations":[{"start":{"line":277,"column":62},"end":{"line":277,"column":89}},{"start":{"line":277,"column":92},"end":{"line":277,"column":94}}],"line":277},"9":{"loc":{"start":{"line":298,"column":21},"end":{"line":344,"column":21}},"type":"binary-expr","locations":[{"start":{"line":298,"column":21},"end":{"line":298,"column":34}},{"start":{"line":299,"column":20},"end":{"line":343,"column":26}}],"line":298},"10":{"loc":{"start":{"line":310,"column":29},"end":{"line":341,"column":29}},"type":"binary-expr","locations":[{"start":{"line":310,"column":29},"end":{"line":310,"column":42}},{"start":{"line":311,"column":28},"end":{"line":340,"column":31}}],"line":310},"11":{"loc":{"start":{"line":316,"column":37},"end":{"line":316,"column":115}},"type":"cond-expr","locations":[{"start":{"line":316,"column":62},"end":{"line":316,"column":91}},{"start":{"line":316,"column":94},"end":{"line":316,"column":115}}],"line":316},"12":{"loc":{"start":{"line":323,"column":37},"end":{"line":323,"column":111}},"type":"cond-expr","locations":[{"start":{"line":323,"column":60},"end":{"line":323,"column":89}},{"start":{"line":323,"column":92},"end":{"line":323,"column":111}}],"line":323},"13":{"loc":{"start":{"line":330,"column":37},"end":{"line":330,"column":125}},"type":"cond-expr","locations":[{"start":{"line":330,"column":67},"end":{"line":330,"column":96}},{"start":{"line":330,"column":99},"end":{"line":330,"column":125}}],"line":330},"14":{"loc":{"start":{"line":337,"column":37},"end":{"line":337,"column":117}},"type":"cond-expr","locations":[{"start":{"line":337,"column":63},"end":{"line":337,"column":92}},{"start":{"line":337,"column":95},"end":{"line":337,"column":117}}],"line":337}},"s":{"0":1,"1":0,"2":0,"3":0,"4":0,"5":5,"6":4,"7":4,"8":4,"9":4,"10":4,"11":4,"12":608,"13":4,"14":0,"15":4,"16":0,"17":4,"18":0,"19":4,"20":0,"21":0,"22":0,"23":0,"24":0,"25":0,"26":0,"27":0,"28":0,"29":4,"30":3,"31":4,"32":2,"33":2,"34":0,"35":0,"36":0,"37":0,"38":0,"39":0,"40":0,"41":0,"42":0,"43":4,"44":0,"45":0,"46":0,"47":4,"48":4,"49":4,"50":0,"51":0,"52":0,"53":0},"f":{"0":0,"1":0,"2":0,"3":5,"4":608,"5":0,"6":0,"7":0,"8":0,"9":0,"10":0,"11":0,"12":0,"13":3,"14":2,"15":0,"16":0,"17":4,"18":4,"19":0,"20":0,"21":0,"22":0},"b":{"0":[0,0],"1":[2,0],"2":[0,0],"3":[0,4],"4":[0,4],"5":[0,4],"6":[0,4],"7":[0,4],"8":[0,4],"9":[4,4],"10":[4,4],"11":[0,4],"12":[0,4],"13":[0,4],"14":[0,4]},"_coverageSchema":"1a1c01bbd47fc00a2c39e90264f33305004495a9","hash":"fcde713cba453d66e4bb9b25f9c3803f2799b41e"}
,"/Users/vivianoliveira/Desktop/GitHub/desafio3-compassuol/src/components/form/Select.tsx": {"path":"/Users/vivianoliveira/Desktop/GitHub/desafio3-compassuol/src/components/form/Select.tsx","statementMap":{"0":{"start":{"line":12,"column":15},"end":{"line":35,"column":1}},"1":{"start":{"line":13,"column":4},"end":{"line":13,"column":22}},"2":{"start":{"line":14,"column":4},"end":{"line":34,"column":6}},"3":{"start":{"line":23,"column":12},"end":{"line":27,"column":13}},"4":{"start":{"line":24,"column":14},"end":{"line":24,"column":36}},"5":{"start":{"line":26,"column":14},"end":{"line":26,"column":27}},"6":{"start":{"line":29,"column":38},"end":{"line":29,"column":50}},"7":{"start":{"line":30,"column":35},"end":{"line":30,"column":116}}},"fnMap":{"0":{"name":"(anonymous_0)","decl":{"start":{"line":12,"column":15},"end":{"line":12,"column":16}},"loc":{"start":{"line":12,"column":79},"end":{"line":35,"column":1}},"line":12},"1":{"name":"(anonymous_1)","decl":{"start":{"line":22,"column":20},"end":{"line":22,"column":21}},"loc":{"start":{"line":22,"column":34},"end":{"line":28,"column":11}},"line":22},"2":{"name":"(anonymous_2)","decl":{"start":{"line":29,"column":26},"end":{"line":29,"column":27}},"loc":{"start":{"line":29,"column":38},"end":{"line":29,"column":50}},"line":29},"3":{"name":"(anonymous_3)","decl":{"start":{"line":30,"column":23},"end":{"line":30,"column":24}},"loc":{"start":{"line":30,"column":35},"end":{"line":30,"column":116}},"line":30}},"branchMap":{"0":{"loc":{"start":{"line":23,"column":12},"end":{"line":27,"column":13}},"type":"if","locations":[{"start":{"line":23,"column":12},"end":{"line":27,"column":13}},{"start":{"line":25,"column":19},"end":{"line":27,"column":13}}],"line":23}},"s":{"0":1,"1":8,"2":8,"3":0,"4":0,"5":0,"6":0,"7":12},"f":{"0":8,"1":0,"2":0,"3":12},"b":{"0":[0,0]},"_coverageSchema":"1a1c01bbd47fc00a2c39e90264f33305004495a9","hash":"3c122fda9b3d9f79dcb5f8fcd4bbc306f5625e53"}
,"/Users/vivianoliveira/Desktop/GitHub/desafio3-compassuol/src/components/navbar/Navbar.tsx": {"path":"/Users/vivianoliveira/Desktop/GitHub/desafio3-compassuol/src/components/navbar/Navbar.tsx","statementMap":{"0":{"start":{"line":4,"column":25},"end":{"line":50,"column":1}},"1":{"start":{"line":5,"column":32},"end":{"line":5,"column":43}},"2":{"start":{"line":7,"column":25},"end":{"line":9,"column":5}},"3":{"start":{"line":8,"column":8},"end":{"line":8,"column":27}},"4":{"start":{"line":11,"column":2},"end":{"line":49,"column":4}}},"fnMap":{"0":{"name":"(anonymous_0)","decl":{"start":{"line":4,"column":25},"end":{"line":4,"column":26}},"loc":{"start":{"line":4,"column":31},"end":{"line":50,"column":1}},"line":4},"1":{"name":"(anonymous_1)","decl":{"start":{"line":7,"column":25},"end":{"line":7,"column":26}},"loc":{"start":{"line":7,"column":73},"end":{"line":9,"column":5}},"line":7}},"branchMap":{"0":{"loc":{"start":{"line":24,"column":27},"end":{"line":24,"column":59}},"type":"cond-expr","locations":[{"start":{"line":24,"column":41},"end":{"line":24,"column":50}},{"start":{"line":24,"column":53},"end":{"line":24,"column":59}}],"line":24},"1":{"loc":{"start":{"line":28,"column":27},"end":{"line":28,"column":59}},"type":"cond-expr","locations":[{"start":{"line":28,"column":41},"end":{"line":28,"column":50}},{"start":{"line":28,"column":53},"end":{"line":28,"column":59}}],"line":28},"2":{"loc":{"start":{"line":32,"column":27},"end":{"line":32,"column":59}},"type":"cond-expr","locations":[{"start":{"line":32,"column":41},"end":{"line":32,"column":50}},{"start":{"line":32,"column":53},"end":{"line":32,"column":59}}],"line":32},"3":{"loc":{"start":{"line":36,"column":27},"end":{"line":36,"column":62}},"type":"cond-expr","locations":[{"start":{"line":36,"column":41},"end":{"line":36,"column":50}},{"start":{"line":36,"column":53},"end":{"line":36,"column":62}}],"line":36}},"s":{"0":1,"1":4,"2":4,"3":1,"4":4},"f":{"0":4,"1":1},"b":{"0":[3,1],"1":[1,3],"2":[0,4],"3":[0,4]},"_coverageSchema":"1a1c01bbd47fc00a2c39e90264f33305004495a9","hash":"8c5f0d7c07a419bfc9b6545c4957be3441bdf80b"}
}
