TN:
SF:src/components/booking-form/BookingForm.tsx
FN:7,(anonymous_0)
FN:11,(anonymous_1)
FN:15,(anonymous_2)
FN:63,(anonymous_3)
FN:92,(anonymous_4)
FNF:5
FNH:3
FNDA:4,(anonymous_0)
FNDA:0,(anonymous_1)
FNDA:0,(anonymous_2)
FNDA:1,(anonymous_3)
FNDA:1,(anonymous_4)
DA:7,1
DA:8,4
DA:9,4
DA:11,4
DA:12,0
DA:15,4
DA:16,0
DA:20,4
DA:63,1
DA:92,1
LF:10
LH:8
BRF:0
BRH:0
end_of_record
TN:
SF:src/components/booking-form/YellowButton.tsx
FN:9,(anonymous_0)
FNF:1
FNH:1
FNDA:4,(anonymous_0)
DA:9,1
DA:10,4
LF:2
LH:2
BRF:0
BRH:0
end_of_record
TN:
SF:src/components/footer/Footer.tsx
FN:4,(anonymous_0)
FNF:1
FNH:1
FNDA:1,(anonymous_0)
DA:4,1
DA:5,1
LF:2
LH:2
BRF:0
BRH:0
end_of_record
TN:
SF:src/components/form/Forms.tsx
FN:13,(anonymous_0)
FN:15,(anonymous_1)
FN:33,(anonymous_2)
FN:42,Forms
FN:57,(anonymous_4)
FN:58,(anonymous_5)
FN:62,(anonymous_6)
FN:66,(anonymous_7)
FN:70,(anonymous_8)
FN:71,(anonymous_9)
FN:75,(anonymous_10)
FN:78,(anonymous_11)
FN:80,(anonymous_12)
FN:87,(anonymous_13)
FN:91,(anonymous_14)
FN:101,(anonymous_15)
FN:122,(anonymous_16)
FN:131,(anonymous_17)
FN:138,(anonymous_18)
FN:214,(anonymous_19)
FN:229,(anonymous_20)
FN:293,(anonymous_21)
FN:300,(anonymous_22)
FN:307,(anonymous_23)
FN:314,(anonymous_24)
FNF:25
FNH:6
FNDA:0,(anonymous_0)
FNDA:0,(anonymous_1)
FNDA:0,(anonymous_2)
FNDA:5,Forms
FNDA:608,(anonymous_4)
FNDA:0,(anonymous_5)
FNDA:0,(anonymous_6)
FNDA:0,(anonymous_7)
FNDA:0,(anonymous_8)
FNDA:0,(anonymous_9)
FNDA:0,(anonymous_10)
FNDA:0,(anonymous_11)
FNDA:0,(anonymous_12)
FNDA:3,(anonymous_13)
FNDA:2,(anonymous_14)
FNDA:0,(anonymous_15)
FNDA:0,(anonymous_16)
FNDA:0,(anonymous_17)
FNDA:0,(anonymous_18)
FNDA:4,(anonymous_19)
FNDA:4,(anonymous_20)
FNDA:0,(anonymous_21)
FNDA:0,(anonymous_22)
FNDA:0,(anonymous_23)
FNDA:0,(anonymous_24)
DA:10,1
DA:14,0
DA:15,0
DA:33,0
DA:45,5
DA:46,4
DA:48,4
DA:49,4
DA:51,4
DA:55,4
DA:57,608
DA:58,4
DA:59,0
DA:62,4
DA:63,0
DA:66,4
DA:67,0
DA:70,4
DA:71,0
DA:75,0
DA:77,0
DA:78,0
DA:80,0
DA:84,0
DA:87,4
DA:88,3
DA:91,4
DA:92,2
DA:93,0
DA:101,4
DA:102,0
DA:103,0
DA:111,0
DA:112,0
DA:114,0
DA:117,0
DA:118,0
DA:122,4
DA:123,0
DA:127,4
DA:131,0
DA:139,0
DA:140,0
DA:141,0
DA:142,0
DA:215,4
DA:230,4
DA:293,0
DA:300,0
DA:307,0
DA:314,0
LF:51
LH:21
BRDA:15,0,0,0
BRDA:15,0,1,0
BRDA:92,1,0,2
BRDA:92,1,1,0
BRDA:111,2,0,0
BRDA:111,2,1,0
BRDA:130,3,0,4
BRDA:130,3,1,0
BRDA:185,4,0,0
BRDA:185,4,1,4
BRDA:204,5,0,0
BRDA:204,5,1,4
BRDA:230,6,0,0
BRDA:230,6,1,4
BRDA:231,7,0,0
BRDA:231,7,1,4
BRDA:257,8,0,0
BRDA:257,8,1,4
BRDA:278,9,0,4
BRDA:278,9,1,4
BRDA:290,10,0,4
BRDA:290,10,1,4
BRDA:296,11,0,0
BRDA:296,11,1,4
BRDA:303,12,0,0
BRDA:303,12,1,4
BRDA:310,13,0,0
BRDA:310,13,1,4
BRDA:317,14,0,0
BRDA:317,14,1,4
BRF:30
BRH:15
end_of_record
TN:
SF:src/components/form/Select.tsx
FN:12,(anonymous_0)
FN:22,(anonymous_1)
FN:29,(anonymous_2)
FN:30,(anonymous_3)
FNF:4
FNH:2
FNDA:8,(anonymous_0)
FNDA:0,(anonymous_1)
FNDA:0,(anonymous_2)
FNDA:12,(anonymous_3)
DA:12,1
DA:13,8
DA:14,8
DA:23,0
DA:24,0
DA:26,0
DA:29,0
DA:30,12
LF:8
LH:4
BRDA:23,0,0,0
BRDA:23,0,1,0
BRF:2
BRH:0
end_of_record
TN:
SF:src/components/form/SucessScreen.tsx
FN:8,(anonymous_0)
FNF:1
FNH:0
FNDA:0,(anonymous_0)
DA:8,1
DA:9,0
LF:2
LH:1
BRF:0
BRH:0
end_of_record
TN:
SF:src/components/navbar/Navbar.tsx
FN:4,(anonymous_0)
FN:7,(anonymous_1)
FNF:2
FNH:2
FNDA:4,(anonymous_0)
FNDA:1,(anonymous_1)
DA:4,1
DA:5,4
DA:7,4
DA:8,1
DA:11,4
LF:5
LH:5
BRDA:24,0,0,3
BRDA:24,0,1,1
BRDA:28,1,0,1
BRDA:28,1,1,3
BRDA:32,2,0,0
BRDA:32,2,1,4
BRDA:36,3,0,0
BRDA:36,3,1,4
BRF:8
BRH:6
end_of_record
