TN:
SF:src/components/booking-form/BookingForm.tsx
FN:7,(anonymous_0)
FN:11,(anonymous_1)
FN:15,(anonymous_2)
FN:63,(anonymous_3)
FN:91,(anonymous_4)
FNF:5
FNH:3
FNDA:4,(anonymous_0)
FNDA:0,(anonymous_1)
FNDA:0,(anonymous_2)
FNDA:1,(anonymous_3)
FNDA:1,(anonymous_4)
DA:7,1
DA:8,4
DA:9,4
DA:11,4
DA:12,0
DA:15,4
DA:16,0
DA:20,4
DA:63,1
DA:91,1
LF:10
LH:8
BRF:0
BRH:0
end_of_record
TN:
SF:src/components/booking-form/YellowButton.tsx
FN:9,(anonymous_0)
FNF:1
FNH:1
FNDA:4,(anonymous_0)
DA:9,1
DA:10,4
LF:2
LH:2
BRF:0
BRH:0
end_of_record
TN:
SF:src/components/footer/Footer.tsx
FN:4,(anonymous_0)
FNF:1
FNH:1
FNDA:1,(anonymous_0)
DA:4,1
DA:5,1
LF:2
LH:2
BRF:0
BRH:0
end_of_record
TN:
SF:src/components/form/Forms.tsx
FN:12,(anonymous_0)
FN:14,(anonymous_1)
FN:32,(anonymous_2)
FN:41,Forms
FN:53,(anonymous_4)
FN:54,(anonymous_5)
FN:58,(anonymous_6)
FN:62,(anonymous_7)
FN:66,(anonymous_8)
FN:67,(anonymous_9)
FN:71,(anonymous_10)
FN:74,(anonymous_11)
FN:76,(anonymous_12)
FN:83,(anonymous_13)
FN:87,(anonymous_14)
FN:97,(anonymous_15)
FN:123,(anonymous_16)
FN:196,(anonymous_17)
FN:211,(anonymous_18)
FN:275,(anonymous_19)
FN:282,(anonymous_20)
FN:289,(anonymous_21)
FN:296,(anonymous_22)
FNF:23
FNH:6
FNDA:0,(anonymous_0)
FNDA:0,(anonymous_1)
FNDA:0,(anonymous_2)
FNDA:5,Forms
FNDA:608,(anonymous_4)
FNDA:0,(anonymous_5)
FNDA:0,(anonymous_6)
FNDA:0,(anonymous_7)
FNDA:0,(anonymous_8)
FNDA:0,(anonymous_9)
FNDA:0,(anonymous_10)
FNDA:0,(anonymous_11)
FNDA:0,(anonymous_12)
FNDA:3,(anonymous_13)
FNDA:2,(anonymous_14)
FNDA:0,(anonymous_15)
FNDA:0,(anonymous_16)
FNDA:4,(anonymous_17)
FNDA:4,(anonymous_18)
FNDA:0,(anonymous_19)
FNDA:0,(anonymous_20)
FNDA:0,(anonymous_21)
FNDA:0,(anonymous_22)
DA:9,1
DA:13,0
DA:14,0
DA:32,0
DA:44,5
DA:45,4
DA:47,4
DA:51,4
DA:53,608
DA:54,4
DA:55,0
DA:58,4
DA:59,0
DA:62,4
DA:63,0
DA:66,4
DA:67,0
DA:71,0
DA:73,0
DA:74,0
DA:76,0
DA:80,0
DA:83,4
DA:84,3
DA:87,4
DA:88,2
DA:89,0
DA:97,4
DA:98,0
DA:99,0
DA:107,0
DA:108,0
DA:110,0
DA:113,0
DA:114,0
DA:120,4
DA:124,0
DA:197,4
DA:212,4
DA:275,0
DA:282,0
DA:289,0
DA:296,0
LF:43
LH:18
BRDA:14,0,0,0
BRDA:14,0,1,0
BRDA:88,1,0,2
BRDA:88,1,1,0
BRDA:107,2,0,0
BRDA:107,2,1,0
BRDA:167,3,0,0
BRDA:167,3,1,4
BRDA:186,4,0,0
BRDA:186,4,1,4
BRDA:212,5,0,0
BRDA:212,5,1,4
BRDA:213,6,0,0
BRDA:213,6,1,4
BRDA:239,7,0,0
BRDA:239,7,1,4
BRDA:260,8,0,4
BRDA:260,8,1,4
BRDA:272,9,0,4
BRDA:272,9,1,4
BRDA:278,10,0,0
BRDA:278,10,1,4
BRDA:285,11,0,0
BRDA:285,11,1,4
BRDA:292,12,0,0
BRDA:292,12,1,4
BRDA:299,13,0,0
BRDA:299,13,1,4
BRF:28
BRH:14
end_of_record
TN:
SF:src/components/form/Select.tsx
FN:12,(anonymous_0)
FN:22,(anonymous_1)
FN:29,(anonymous_2)
FN:30,(anonymous_3)
FNF:4
FNH:2
FNDA:8,(anonymous_0)
FNDA:0,(anonymous_1)
FNDA:0,(anonymous_2)
FNDA:12,(anonymous_3)
DA:12,1
DA:13,8
DA:14,8
DA:23,0
DA:24,0
DA:26,0
DA:29,0
DA:30,12
LF:8
LH:4
BRDA:23,0,0,0
BRDA:23,0,1,0
BRF:2
BRH:0
end_of_record
TN:
SF:src/components/navbar/Navbar.tsx
FN:4,(anonymous_0)
FN:7,(anonymous_1)
FNF:2
FNH:2
FNDA:4,(anonymous_0)
FNDA:1,(anonymous_1)
DA:4,1
DA:5,4
DA:7,4
DA:8,1
DA:11,4
LF:5
LH:5
BRDA:24,0,0,3
BRDA:24,0,1,1
BRDA:28,1,0,1
BRDA:28,1,1,3
BRDA:32,2,0,0
BRDA:32,2,1,4
BRDA:36,3,0,0
BRDA:36,3,1,4
BRF:8
BRH:6
end_of_record
